C:\USERS\LAITAKA\DESKTOP\研究\スタークラフト\BOT\ORITAKA\RELEASE\DLL.OBJ
C:\USERS\LAITAKA\DESKTOP\研究\スタークラフト\BOT\ORITAKA\RELEASE\ORITAKA.OBJ
C:\USERS\LAITAKA\DESKTOP\RESEARCH\STARCRAFT\BOT\ORITAKA\RELEASE\ORITAKA.OBJ
C:\USERS\LAITAKA\DESKTOP\RESEARCH\STARCRAFT\BOT\ORITAKA\RELEASE\DLL.OBJ
C:\USERS\LAITAKA\DESKTOP\RESEARCH\STARCRAFT\BOT\ORITAKA\RELEASE\VC100.PDB
C:\USERS\LAITAKA\DESKTOP\RESEARCH\STARCRAFT\BOT\ORITAKA\RELEASE\ORITAKA.DLL.EMBED.MANIFEST.RES
C:\Users\laitaka\Desktop\research\StarCraft\BOT\Oritaka\Release\oritaka.vcxprojResolveAssemblyReference.cache
C:\Users\laitaka\Desktop\research\StarCraft\BOT\Oritaka\Release\Dll.obj
C:\Users\laitaka\Desktop\research\StarCraft\BOT\Oritaka\Release\Oritaka.obj
C:\Users\laitaka\Desktop\research\StarCraft\BOT\Oritaka\Release\cl.command.1.tlog
C:\Users\laitaka\Desktop\research\StarCraft\BOT\Oritaka\Release\CL.read.1.tlog
C:\Users\laitaka\Desktop\research\StarCraft\BOT\Oritaka\Release\CL.write.1.tlog
C:\Users\laitaka\Desktop\research\StarCraft\BOT\Oritaka\Release\link.command.1.tlog
C:\Users\laitaka\Desktop\research\StarCraft\BOT\Oritaka\Release\link.read.1.tlog
C:\Users\laitaka\Desktop\research\StarCraft\BOT\Oritaka\Release\link.write.1.tlog
C:\Users\laitaka\Desktop\research\StarCraft\BOT\Oritaka\Release\oritaka.write.1.tlog
C:\Users\laitaka\Desktop\research\StarCraft\BOT\Oritaka\Release\rc.command.1.tlog
C:\Users\laitaka\Desktop\research\StarCraft\BOT\Oritaka\Release\rc.read.1.tlog
C:\Users\laitaka\Desktop\research\StarCraft\BOT\Oritaka\Release\rc.write.1.tlog
C:\Users\laitaka\Desktop\research\StarCraft\BOT\Oritaka\Release\oritaka.dll.embed.manifest
C:\Users\laitaka\Desktop\research\StarCraft\BOT\Oritaka\Release\oritaka.dll.intermediate.manifest
C:\Users\laitaka\Desktop\research\StarCraft\BOT\Oritaka\Release\oritaka.dll.embed.manifest.res
C:\Users\laitaka\Desktop\research\StarCraft\BOT\Oritaka\Release\oritaka.exp
C:\Users\laitaka\Desktop\research\StarCraft\BOT\Oritaka\Release\vc90.idb
C:\Users\laitaka\Desktop\research\StarCraft\BOT\Oritaka\Release\oritaka.pdb
C:\Users\laitaka\Desktop\research\StarCraft\BOT\Oritaka\Release\vc100.pdb
C:\Users\laitaka\Desktop\research\StarCraft\BOT\Oritaka\Release\vc90.pdb
C:\Users\laitaka\Desktop\research\StarCraft\BOT\Oritaka\Release\oritaka_manifest.rc
